INFO  time: initialize in 1.47s
WARN  no build tool detected in workspace 'D:\VS_Code\SCALA_TEAM\Java-and-Scala-Team'. The most common cause for this problem is that the editor was opened in the wrong working directory, for example if you use sbt then the workspace directory should contain build.sbt. 
WARN  no build target: D:\VS_Code\SCALA_TEAM\Java-and-Scala-Team\Nhim Sovichea\Scala\Task5\EX01_Tag_Content_Extractor.scala
INFO  no build target: using presentation compiler with only scala-library
WARN  no build target: D:\VS_Code\SCALA_TEAM\Java-and-Scala-Team\Uon Sokhuong\Scala\task5\ex1_tag.scala
WARN  no build target: D:\VS_Code\SCALA_TEAM\Java-and-Scala-Team\Uon Sokhuong\Scala\task6\ex1.scala
WARN  no build target: D:\VS_Code\SCALA_TEAM\Java-and-Scala-Team\Uon Sokhuong\Scala\task6\ex1.scala
WARN  no build target: D:\VS_Code\SCALA_TEAM\Java-and-Scala-Team\Uon Sokhuong\Scala\task6\ex1.scala
WARN  no build target: D:\VS_Code\SCALA_TEAM\Java-and-Scala-Team\Uon Sokhuong\Scala\task6\ex1.scala
WARN  no build target: D:\VS_Code\SCALA_TEAM\Java-and-Scala-Team\Uon Sokhuong\Scala\task6\ex1.scala
something's wrong: no file:///d%3A/VS_Code/SCALA_TEAM/Java-and-Scala-Team/Uon%20Sokhuong/Scala/task6/ex1.scala in Array[<error>]RangePosition(file:///d%3A/VS_Code/SCALA_TEAM/Java-and-Scala-Team/Uon%20Sokhuong/Scala/task6/ex1.scala, 35, 35, 50)
something's wrong: no file:///d%3A/VS_Code/SCALA_TEAM/Java-and-Scala-Team/Uon%20Sokhuong/Scala/task6/ex1.scala in Array[<error>]RangePosition(file:///d%3A/VS_Code/SCALA_TEAM/Java-and-Scala-Team/Uon%20Sokhuong/Scala/task6/ex1.scala, 35, 35, 43)
something's wrong: no file:///d%3A/VS_Code/SCALA_TEAM/Java-and-Scala-Team/Uon%20Sokhuong/Scala/task6/ex1.scala in Array[<error>]RangePosition(file:///d%3A/VS_Code/SCALA_TEAM/Java-and-Scala-Team/Uon%20Sokhuong/Scala/task6/ex1.scala, 35, 35, 44)
something's wrong: no file:///d%3A/VS_Code/SCALA_TEAM/Java-and-Scala-Team/Uon%20Sokhuong/Scala/task6/ex1.scala in Array[<error>]RangePosition(file:///d%3A/VS_Code/SCALA_TEAM/Java-and-Scala-Team/Uon%20Sokhuong/Scala/task6/ex1.scala, 35, 35, 46)
something's wrong: no file:///d%3A/VS_Code/SCALA_TEAM/Java-and-Scala-Team/Uon%20Sokhuong/Scala/task6/ex1.scala in Array[<error>]RangePosition(file:///d%3A/VS_Code/SCALA_TEAM/Java-and-Scala-Team/Uon%20Sokhuong/Scala/task6/ex1.scala, 35, 35, 47)
something's wrong: no file:///d%3A/VS_Code/SCALA_TEAM/Java-and-Scala-Team/Uon%20Sokhuong/Scala/task6/ex1.scala in Array[String]RangePosition(file:///d%3A/VS_Code/SCALA_TEAM/Java-and-Scala-Team/Uon%20Sokhuong/Scala/task6/ex1.scala, 35, 35, 48)
something's wrong: no file:///d%3A/VS_Code/SCALA_TEAM/Java-and-Scala-Team/Uon%20Sokhuong/Scala/task6/ex1.scala in Array[String]RangePosition(file:///d%3A/VS_Code/SCALA_TEAM/Java-and-Scala-Team/Uon%20Sokhuong/Scala/task6/ex1.scala, 35, 35, 48)
something's wrong: no file:///d%3A/VS_Code/SCALA_TEAM/Java-and-Scala-Team/Uon%20Sokhuong/Scala/task6/ex1.scala in Array[String]RangePosition(file:///d%3A/VS_Code/SCALA_TEAM/Java-and-Scala-Team/Uon%20Sokhuong/Scala/task6/ex1.scala, 35, 35, 48)
WARN  no build target: D:\VS_Code\SCALA_TEAM\Java-and-Scala-Team\Uon Sokhuong\Scala\task6\ex1.scala
WARN  no build target: D:\VS_Code\SCALA_TEAM\Java-and-Scala-Team\Uon Sokhuong\Scala\task6\ex1.scala
WARN  no build target: D:\VS_Code\SCALA_TEAM\Java-and-Scala-Team\Uon Sokhuong\Scala\task6\ex1.scala
WARN  no build target: D:\VS_Code\SCALA_TEAM\Java-and-Scala-Team\Uon Sokhuong\Scala\task6\ex1.scala
WARN  no build target: D:\VS_Code\SCALA_TEAM\Java-and-Scala-Team\Uon Sokhuong\Scala\task6\ex1.scala
WARN  no build target: D:\VS_Code\SCALA_TEAM\Java-and-Scala-Team\Uon Sokhuong\Scala\task6\ex1.scala
WARN  no build target: D:\VS_Code\SCALA_TEAM\Java-and-Scala-Team\Uon Sokhuong\Scala\task6\ex1.scala
WARN  no build target: D:\VS_Code\SCALA_TEAM\Java-and-Scala-Team\Uon Sokhuong\Scala\task6\ex1.scala
WARN  no build target: D:\VS_Code\SCALA_TEAM\Java-and-Scala-Team\Uon Sokhuong\Scala\task6\ex1.scala
WARN  no build target: D:\VS_Code\SCALA_TEAM\Java-and-Scala-Team\Uon Sokhuong\Scala\task6\ex1.scala
WARN  no build target: D:\VS_Code\SCALA_TEAM\Java-and-Scala-Team\Uon Sokhuong\Scala\task6\ex1.scala
WARN  no build target: D:\VS_Code\SCALA_TEAM\Java-and-Scala-Team\Uon Sokhuong\Scala\task6\ex1.scala
WARN  no build target: D:\VS_Code\SCALA_TEAM\Java-and-Scala-Team\Uon Sokhuong\Scala\task6\ex1.scala
WARN  no build target: D:\VS_Code\SCALA_TEAM\Java-and-Scala-Team\Uon Sokhuong\Scala\task6\ex1.scala
WARN  no build target: D:\VS_Code\SCALA_TEAM\Java-and-Scala-Team\Uon Sokhuong\Scala\task6\ex1.scala
WARN  no build target: D:\VS_Code\SCALA_TEAM\Java-and-Scala-Team\Uon Sokhuong\Scala\task6\ex1.scala
WARN  no build target: D:\VS_Code\SCALA_TEAM\Java-and-Scala-Team\Uon Sokhuong\Scala\task6\ex1.scala
WARN  no build target: D:\VS_Code\SCALA_TEAM\Java-and-Scala-Team\Uon Sokhuong\Scala\task6\ex1.scala
WARN  no build target: D:\VS_Code\SCALA_TEAM\Java-and-Scala-Team\Uon Sokhuong\Scala\task6\ex1.scala
WARN  no build target: D:\VS_Code\SCALA_TEAM\Java-and-Scala-Team\Uon Sokhuong\Scala\task6\ex1.scala
WARN  no build target: D:\VS_Code\SCALA_TEAM\Java-and-Scala-Team\Uon Sokhuong\Scala\task6\ex1.scala
WARN  no build target: D:\VS_Code\SCALA_TEAM\Java-and-Scala-Team\Uon Sokhuong\Scala\task6\ex1.scala
WARN  no build target: D:\VS_Code\SCALA_TEAM\Java-and-Scala-Team\Uon Sokhuong\Scala\task6\ex1.scala
WARN  no build target: D:\VS_Code\SCALA_TEAM\Java-and-Scala-Team\Uon Sokhuong\Scala\task6\ex1.scala
WARN  no build target: D:\VS_Code\SCALA_TEAM\Java-and-Scala-Team\Uon Sokhuong\Scala\task6\ex1.scala
WARN  no build target: D:\VS_Code\SCALA_TEAM\Java-and-Scala-Team\Uon Sokhuong\Scala\task6\ex1.scala
WARN  no build target: D:\VS_Code\SCALA_TEAM\Java-and-Scala-Team\Uon Sokhuong\Scala\task6\ex1.scala
WARN  no build target: D:\VS_Code\SCALA_TEAM\Java-and-Scala-Team\Uon Sokhuong\Scala\task6\ex1.scala
WARN  no build target: D:\VS_Code\SCALA_TEAM\Java-and-Scala-Team\Uon Sokhuong\Scala\task6\ex1.scala
WARN  no build target: D:\VS_Code\SCALA_TEAM\Java-and-Scala-Team\Uon Sokhuong\Scala\task6\ex1.scala
WARN  no build target: D:\VS_Code\SCALA_TEAM\Java-and-Scala-Team\Uon Sokhuong\Scala\task6\ex1.scala
WARN  no build target: D:\VS_Code\SCALA_TEAM\Java-and-Scala-Team\Uon Sokhuong\Scala\task6\ex1.scala
WARN  no build target: D:\VS_Code\SCALA_TEAM\Java-and-Scala-Team\Uon Sokhuong\Scala\task6\ex1.scala
WARN  no build target: D:\VS_Code\SCALA_TEAM\Java-and-Scala-Team\Uon Sokhuong\Scala\task6\ex1.scala
WARN  no build target: D:\VS_Code\SCALA_TEAM\Java-and-Scala-Team\Uon Sokhuong\Scala\task6\ex1.scala
WARN  no build target: D:\VS_Code\SCALA_TEAM\Java-and-Scala-Team\Uon Sokhuong\Scala\task6\ex1.scala
WARN  no build target: D:\VS_Code\SCALA_TEAM\Java-and-Scala-Team\Uon Sokhuong\Scala\task6\ex1.scala
WARN  no build target: D:\VS_Code\SCALA_TEAM\Java-and-Scala-Team\Uon Sokhuong\Scala\task6\ex1.scala
WARN  no build target: D:\VS_Code\SCALA_TEAM\Java-and-Scala-Team\Uon Sokhuong\Scala\task6\ex1.scala
WARN  no build target: D:\VS_Code\SCALA_TEAM\Java-and-Scala-Team\Uon Sokhuong\Scala\task6\ex1.scala
WARN  no build target: D:\VS_Code\SCALA_TEAM\Java-and-Scala-Team\Uon Sokhuong\Scala\task6\ex1.scala
WARN  no build target: D:\VS_Code\SCALA_TEAM\Java-and-Scala-Team\Uon Sokhuong\Scala\task6\ex1.scala
WARN  no build target: D:\VS_Code\SCALA_TEAM\Java-and-Scala-Team\Uon Sokhuong\Scala\task6\ex1.scala
WARN  no build target: D:\VS_Code\SCALA_TEAM\Java-and-Scala-Team\Uon Sokhuong\Scala\task6\ex1.scala
WARN  no build target: D:\VS_Code\SCALA_TEAM\Java-and-Scala-Team\Uon Sokhuong\Scala\task6\ex1.scala
WARN  no build target: D:\VS_Code\SCALA_TEAM\Java-and-Scala-Team\Uon Sokhuong\Scala\task6\ex1.scala
WARN  no build target: D:\VS_Code\SCALA_TEAM\Java-and-Scala-Team\Uon Sokhuong\Scala\task6\ex1.scala
WARN  no build target: D:\VS_Code\SCALA_TEAM\Java-and-Scala-Team\Uon Sokhuong\Scala\task6\ex1.scala
WARN  no build target: D:\VS_Code\SCALA_TEAM\Java-and-Scala-Team\Uon Sokhuong\Scala\task6\ex1.scala
WARN  no build target: D:\VS_Code\SCALA_TEAM\Java-and-Scala-Team\Uon Sokhuong\Scala\task6\ex1.scala
WARN  no build target: D:\VS_Code\SCALA_TEAM\Java-and-Scala-Team\Uon Sokhuong\Scala\task6\ex1.scala
WARN  no build target: D:\VS_Code\SCALA_TEAM\Java-and-Scala-Team\Uon Sokhuong\Scala\task6\ex1.scala
WARN  no build target: D:\VS_Code\SCALA_TEAM\Java-and-Scala-Team\Uon Sokhuong\Scala\task6\ex1.scala
WARN  no build target: D:\VS_Code\SCALA_TEAM\Java-and-Scala-Team\Uon Sokhuong\Scala\task6\ex1.scala
WARN  no build target: D:\VS_Code\SCALA_TEAM\Java-and-Scala-Team\Uon Sokhuong\Scala\task6\ex1.scala
WARN  no build target: D:\VS_Code\SCALA_TEAM\Java-and-Scala-Team\Uon Sokhuong\Scala\task6\ex1.scala
WARN  no build target: D:\VS_Code\SCALA_TEAM\Java-and-Scala-Team\Uon Sokhuong\Scala\task6\ex1.scala
WARN  no build target: D:\VS_Code\SCALA_TEAM\Java-and-Scala-Team\Uon Sokhuong\Scala\task6\ex1.scala
WARN  no build target: D:\VS_Code\SCALA_TEAM\Java-and-Scala-Team\Uon Sokhuong\Scala\task6\ex1.scala
WARN  no build target: D:\VS_Code\SCALA_TEAM\Java-and-Scala-Team\Uon Sokhuong\Scala\task6\ex1.scala
WARN  no build target: D:\VS_Code\SCALA_TEAM\Java-and-Scala-Team\Uon Sokhuong\Scala\task6\ex1.scala
WARN  no build target: D:\VS_Code\SCALA_TEAM\Java-and-Scala-Team\Uon Sokhuong\Scala\task6\ex1.scala
WARN  no build target: D:\VS_Code\SCALA_TEAM\Java-and-Scala-Team\Uon Sokhuong\Scala\task6\ex1.scala
WARN  no build target: D:\VS_Code\SCALA_TEAM\Java-and-Scala-Team\Uon Sokhuong\Scala\task6\ex1.scala
WARN  no build target: D:\VS_Code\SCALA_TEAM\Java-and-Scala-Team\Uon Sokhuong\Scala\task6\ex1.scala
WARN  no build target: D:\VS_Code\SCALA_TEAM\Java-and-Scala-Team\Uon Sokhuong\Scala\task6\ex1.scala
WARN  no build target: D:\VS_Code\SCALA_TEAM\Java-and-Scala-Team\Uon Sokhuong\Scala\task6\ex1.scala
WARN  no build target: D:\VS_Code\SCALA_TEAM\Java-and-Scala-Team\Uon Sokhuong\Scala\task6\ex1.scala
WARN  no build target: D:\VS_Code\SCALA_TEAM\Java-and-Scala-Team\Uon Sokhuong\Scala\task6\ex1.scala
WARN  no build target: D:\VS_Code\SCALA_TEAM\Java-and-Scala-Team\Uon Sokhuong\Scala\task6\ex1.scala
WARN  no build target: D:\VS_Code\SCALA_TEAM\Java-and-Scala-Team\Uon Sokhuong\Scala\task6\ex1.scala
WARN  no build target: D:\VS_Code\SCALA_TEAM\Java-and-Scala-Team\Uon Sokhuong\Scala\task6\ex1.scala
WARN  no build target: D:\VS_Code\SCALA_TEAM\Java-and-Scala-Team\Uon Sokhuong\Scala\task6\ex1.scala
WARN  no build target: D:\VS_Code\SCALA_TEAM\Java-and-Scala-Team\Uon Sokhuong\Scala\task6\ex1.scala
WARN  no build target: D:\VS_Code\SCALA_TEAM\Java-and-Scala-Team\Uon Sokhuong\Scala\task6\ex1.scala
WARN  no build target: D:\VS_Code\SCALA_TEAM\Java-and-Scala-Team\Uon Sokhuong\Scala\task6\ex1.scala
WARN  no build tool detected in workspace 'D:\VS_Code\SCALA_TEAM\Java-and-Scala-Team'. The most common cause for this problem is that the editor was opened in the wrong working directory, for example if you use sbt then the workspace directory should contain build.sbt. 
WARN  no build tool detected in workspace 'D:\VS_Code\SCALA_TEAM\Java-and-Scala-Team'. The most common cause for this problem is that the editor was opened in the wrong working directory, for example if you use sbt then the workspace directory should contain build.sbt. 
WARN  no build target: D:\VS_Code\SCALA_TEAM\Java-and-Scala-Team\Uon Sokhuong\Scala\task6\ex1.scala
WARN  no build target: D:\VS_Code\SCALA_TEAM\Java-and-Scala-Team\Uon Sokhuong\Scala\task6\ex1.scala
WARN  no build target: D:\VS_Code\SCALA_TEAM\Java-and-Scala-Team\Uon Sokhuong\Scala\task6\ex1.scala
WARN  no build target: D:\VS_Code\SCALA_TEAM\Java-and-Scala-Team\Uon Sokhuong\Scala\task6\ex1.scala
WARN  no build target: D:\VS_Code\SCALA_TEAM\Java-and-Scala-Team\Uon Sokhuong\Scala\task6\ex1.scala
WARN  no build tool detected in workspace 'D:\VS_Code\SCALA_TEAM\Java-and-Scala-Team'. The most common cause for this problem is that the editor was opened in the wrong working directory, for example if you use sbt then the workspace directory should contain build.sbt. 
WARN  no build tool detected in workspace 'D:\VS_Code\SCALA_TEAM\Java-and-Scala-Team'. The most common cause for this problem is that the editor was opened in the wrong working directory, for example if you use sbt then the workspace directory should contain build.sbt. 
WARN  no build target: D:\VS_Code\SCALA_TEAM\Java-and-Scala-Team\Uon Sokhuong\Scala\task6\ex1.scala
WARN  no build target: D:\VS_Code\SCALA_TEAM\Java-and-Scala-Team\Uon Sokhuong\Scala\task6\ex1.scala
WARN  no build target: D:\VS_Code\SCALA_TEAM\Java-and-Scala-Team\Uon Sokhuong\Scala\task6\ex1.scala
WARN  no build target: D:\VS_Code\SCALA_TEAM\Java-and-Scala-Team\Uon Sokhuong\Scala\task6\ex1.scala
WARN  no build target: D:\VS_Code\SCALA_TEAM\Java-and-Scala-Team\Uon Sokhuong\Scala\task6\ex1.scala
WARN  no build target: D:\VS_Code\SCALA_TEAM\Java-and-Scala-Team\Uon Sokhuong\Scala\task6\ex1.scala
WARN  no build target: D:\VS_Code\SCALA_TEAM\Java-and-Scala-Team\Uon Sokhuong\Scala\task6\ex1.scala
WARN  no build target: D:\VS_Code\SCALA_TEAM\Java-and-Scala-Team\Uon Sokhuong\Scala\task6\ex1.scala
WARN  no build target: D:\VS_Code\SCALA_TEAM\Java-and-Scala-Team\Uon Sokhuong\Scala\task6\ex1.scala
WARN  no build target: D:\VS_Code\SCALA_TEAM\Java-and-Scala-Team\Uon Sokhuong\Scala\task6\ex1.scala
WARN  no build target: D:\VS_Code\SCALA_TEAM\Java-and-Scala-Team\Uon Sokhuong\Scala\task6\ex1.scala
WARN  no build target: D:\VS_Code\SCALA_TEAM\Java-and-Scala-Team\Uon Sokhuong\Scala\task6\ex1.scala
WARN  no build target: D:\VS_Code\SCALA_TEAM\Java-and-Scala-Team\Uon Sokhuong\Scala\task6\ex1.scala
WARN  no build target: D:\VS_Code\SCALA_TEAM\Java-and-Scala-Team\Uon Sokhuong\Scala\task6\ex1.scala
WARN  no build target: D:\VS_Code\SCALA_TEAM\Java-and-Scala-Team\Uon Sokhuong\Scala\task6\ex1.scala
WARN  no build target: D:\VS_Code\SCALA_TEAM\Java-and-Scala-Team\Uon Sokhuong\Scala\task6\ex1.scala
WARN  no build target: D:\VS_Code\SCALA_TEAM\Java-and-Scala-Team\Uon Sokhuong\Scala\task6\ex1.scala
WARN  no build target: D:\VS_Code\SCALA_TEAM\Java-and-Scala-Team\Uon Sokhuong\Scala\task6\ex1.scala
WARN  no build target: D:\VS_Code\SCALA_TEAM\Java-and-Scala-Team\Uon Sokhuong\Scala\task6\ex1.scala
WARN  no build target: D:\VS_Code\SCALA_TEAM\Java-and-Scala-Team\Uon Sokhuong\Scala\task6\ex1.scala
WARN  no build target: D:\VS_Code\SCALA_TEAM\Java-and-Scala-Team\Uon Sokhuong\Scala\task6\ex1.scala
Sep 16, 2019 10:49:40 AM org.eclipse.lsp4j.jsonrpc.RemoteEndpoint handleCancellation
WARNING: Unmatched cancel notification for request id 982
WARN  no build target: D:\VS_Code\SCALA_TEAM\Java-and-Scala-Team\Uon Sokhuong\Scala\task6\ex1.scala
WARN  no build tool detected in workspace 'D:\VS_Code\SCALA_TEAM\Java-and-Scala-Team'. The most common cause for this problem is that the editor was opened in the wrong working directory, for example if you use sbt then the workspace directory should contain build.sbt. 
WARN  no build tool detected in workspace 'D:\VS_Code\SCALA_TEAM\Java-and-Scala-Team'. The most common cause for this problem is that the editor was opened in the wrong working directory, for example if you use sbt then the workspace directory should contain build.sbt. 
WARN  no build target: D:\VS_Code\SCALA_TEAM\Java-and-Scala-Team\Uon Sokhuong\Scala\task6\ex1.scala
WARN  no build target: D:\VS_Code\SCALA_TEAM\Java-and-Scala-Team\Uon Sokhuong\Scala\task6\ex1.scala
WARN  no build target: D:\VS_Code\SCALA_TEAM\Java-and-Scala-Team\Uon Sokhuong\Scala\task6\ex1.scala
WARN  no build target: D:\VS_Code\SCALA_TEAM\Java-and-Scala-Team\Uon Sokhuong\Scala\task6\ex1.scala
WARN  no build target: D:\VS_Code\SCALA_TEAM\Java-and-Scala-Team\Uon Sokhuong\Scala\task6\ex1.scala
WARN  no build target: D:\VS_Code\SCALA_TEAM\Java-and-Scala-Team\Uon Sokhuong\Scala\task6\ex1.scala
WARN  no build target: D:\VS_Code\SCALA_TEAM\Java-and-Scala-Team\Uon Sokhuong\Scala\task6\ex1.scala
WARN  no build target: D:\VS_Code\SCALA_TEAM\Java-and-Scala-Team\Uon Sokhuong\Scala\task6\ex1.scala
WARN  no build target: D:\VS_Code\SCALA_TEAM\Java-and-Scala-Team\Uon Sokhuong\Scala\task6\ex1.scala
WARN  no build target: D:\VS_Code\SCALA_TEAM\Java-and-Scala-Team\Uon Sokhuong\Scala\task6\ex1.scala
WARN  no build target: D:\VS_Code\SCALA_TEAM\Java-and-Scala-Team\Uon Sokhuong\Scala\task6\ex1.scala
WARN  no build target: D:\VS_Code\SCALA_TEAM\Java-and-Scala-Team\Uon Sokhuong\Scala\task6\ex1.scala
WARN  no build target: D:\VS_Code\SCALA_TEAM\Java-and-Scala-Team\Uon Sokhuong\Scala\task6\ex1.scala
WARN  no build target: D:\VS_Code\SCALA_TEAM\Java-and-Scala-Team\Uon Sokhuong\Scala\task6\ex1.scala
WARN  no build target: D:\VS_Code\SCALA_TEAM\Java-and-Scala-Team\Uon Sokhuong\Scala\task6\ex1.scala
WARN  no build target: D:\VS_Code\SCALA_TEAM\Java-and-Scala-Team\Uon Sokhuong\Scala\task6\ex1.scala
WARN  no build target: D:\VS_Code\SCALA_TEAM\Java-and-Scala-Team\Uon Sokhuong\Scala\task6\ex1.scala
WARN  no build target: D:\VS_Code\SCALA_TEAM\Java-and-Scala-Team\Uon Sokhuong\Scala\task6\ex1.scala
WARN  no build target: D:\VS_Code\SCALA_TEAM\Java-and-Scala-Team\Uon Sokhuong\Scala\task6\ex1.scala
WARN  no build target: D:\VS_Code\SCALA_TEAM\Java-and-Scala-Team\Uon Sokhuong\Scala\task6\ex1.scala
WARN  no build target: D:\VS_Code\SCALA_TEAM\Java-and-Scala-Team\Uon Sokhuong\Scala\task6\ex1.scala
WARN  no build target: D:\VS_Code\SCALA_TEAM\Java-and-Scala-Team\Uon Sokhuong\Scala\task6\ex1.scala
WARN  no build target: D:\VS_Code\SCALA_TEAM\Java-and-Scala-Team\Uon Sokhuong\Scala\task6\ex1.scala
WARN  no build target: D:\VS_Code\SCALA_TEAM\Java-and-Scala-Team\Uon Sokhuong\Scala\task6\ex1.scala
WARN  no build target: D:\VS_Code\SCALA_TEAM\Java-and-Scala-Team\Uon Sokhuong\Scala\task6\ex1.scala
WARN  no build target: D:\VS_Code\SCALA_TEAM\Java-and-Scala-Team\Uon Sokhuong\Scala\task6\ex1.scala
WARN  no build target: D:\VS_Code\SCALA_TEAM\Java-and-Scala-Team\Uon Sokhuong\Scala\task6\ex1.scala
WARN  no build target: D:\VS_Code\SCALA_TEAM\Java-and-Scala-Team\Uon Sokhuong\Scala\task6\ex1.scala
WARN  no build target: D:\VS_Code\SCALA_TEAM\Java-and-Scala-Team\Uon Sokhuong\Scala\task6\ex1.scala
WARN  no build target: D:\VS_Code\SCALA_TEAM\Java-and-Scala-Team\Uon Sokhuong\Scala\task6\ex1.scala
WARN  no build target: D:\VS_Code\SCALA_TEAM\Java-and-Scala-Team\Uon Sokhuong\Scala\task6\ex1.scala
WARN  no build target: D:\VS_Code\SCALA_TEAM\Java-and-Scala-Team\Uon Sokhuong\Scala\task6\ex1.scala
WARN  no build target: D:\VS_Code\SCALA_TEAM\Java-and-Scala-Team\Uon Sokhuong\Scala\task6\ex1.scala
WARN  no build target: D:\VS_Code\SCALA_TEAM\Java-and-Scala-Team\Uon Sokhuong\Scala\task6\ex1.scala
WARN  no build target: D:\VS_Code\SCALA_TEAM\Java-and-Scala-Team\Uon Sokhuong\Scala\task6\ex1.scala
WARN  no build target: D:\VS_Code\SCALA_TEAM\Java-and-Scala-Team\Uon Sokhuong\Scala\task6\ex1.scala
WARN  no build target: D:\VS_Code\SCALA_TEAM\Java-and-Scala-Team\Uon Sokhuong\Scala\task6\ex1.scala
WARN  no build target: D:\VS_Code\SCALA_TEAM\Java-and-Scala-Team\Uon Sokhuong\Scala\task6\ex1.scala
WARN  no build target: D:\VS_Code\SCALA_TEAM\Java-and-Scala-Team\Uon Sokhuong\Scala\task6\ex1.scala
WARN  no build target: D:\VS_Code\SCALA_TEAM\Java-and-Scala-Team\Uon Sokhuong\Scala\task6\ex1.scala
WARN  no build target: D:\VS_Code\SCALA_TEAM\Java-and-Scala-Team\Uon Sokhuong\Scala\task6\ex1.scala
WARN  no build target: D:\VS_Code\SCALA_TEAM\Java-and-Scala-Team\Uon Sokhuong\Scala\task6\ex1.scala
WARN  no build target: D:\VS_Code\SCALA_TEAM\Java-and-Scala-Team\Uon Sokhuong\Scala\task6\ex1.scala
WARN  no build target: D:\VS_Code\SCALA_TEAM\Java-and-Scala-Team\Uon Sokhuong\Scala\task6\ex1.scala
WARN  no build target: D:\VS_Code\SCALA_TEAM\Java-and-Scala-Team\Uon Sokhuong\Scala\task6\ex1.scala
WARN  no build target: D:\VS_Code\SCALA_TEAM\Java-and-Scala-Team\Uon Sokhuong\Scala\task6\ex1.scala
WARN  no build target: D:\VS_Code\SCALA_TEAM\Java-and-Scala-Team\Uon Sokhuong\Scala\task6\ex1.scala
WARN  no build target: D:\VS_Code\SCALA_TEAM\Java-and-Scala-Team\Uon Sokhuong\Scala\task6\ex1.scala
WARN  no build target: D:\VS_Code\SCALA_TEAM\Java-and-Scala-Team\Uon Sokhuong\Scala\task6\ex1.scala
WARN  no build target: D:\VS_Code\SCALA_TEAM\Java-and-Scala-Team\Uon Sokhuong\Scala\task6\ex1.scala
WARN  no build target: D:\VS_Code\SCALA_TEAM\Java-and-Scala-Team\Uon Sokhuong\Scala\task6\ex1.scala
WARN  no build target: D:\VS_Code\SCALA_TEAM\Java-and-Scala-Team\Uon Sokhuong\Scala\task6\ex1.scala
WARN  no build target: D:\VS_Code\SCALA_TEAM\Java-and-Scala-Team\Uon Sokhuong\Scala\task6\ex1.scala
WARN  no build target: D:\VS_Code\SCALA_TEAM\Java-and-Scala-Team\Uon Sokhuong\Scala\task6\ex1.scala
WARN  no build target: D:\VS_Code\SCALA_TEAM\Java-and-Scala-Team\Uon Sokhuong\Scala\task6\ex1.scala
WARN  no build target: D:\VS_Code\SCALA_TEAM\Java-and-Scala-Team\Uon Sokhuong\Scala\task6\ex1.scala
WARN  no build target: D:\VS_Code\SCALA_TEAM\Java-and-Scala-Team\Uon Sokhuong\Scala\task6\ex1.scala
WARN  no build target: D:\VS_Code\SCALA_TEAM\Java-and-Scala-Team\Uon Sokhuong\Scala\task6\ex1.scala
WARN  no build target: D:\VS_Code\SCALA_TEAM\Java-and-Scala-Team\Uon Sokhuong\Scala\task6\ex1.scala
WARN  no build target: D:\VS_Code\SCALA_TEAM\Java-and-Scala-Team\Uon Sokhuong\Scala\task6\ex1.scala
WARN  no build target: D:\VS_Code\SCALA_TEAM\Java-and-Scala-Team\Uon Sokhuong\Scala\task6\ex1.scala
WARN  no build target: D:\VS_Code\SCALA_TEAM\Java-and-Scala-Team\Uon Sokhuong\Scala\task6\ex1.scala
WARN  no build target: D:\VS_Code\SCALA_TEAM\Java-and-Scala-Team\Uon Sokhuong\Scala\task6\ex1.scala
WARN  no build target: D:\VS_Code\SCALA_TEAM\Java-and-Scala-Team\Uon Sokhuong\Scala\task6\ex1.scala
WARN  no build target: D:\VS_Code\SCALA_TEAM\Java-and-Scala-Team\Uon Sokhuong\Scala\task6\ex1.scala
WARN  no build target: D:\VS_Code\SCALA_TEAM\Java-and-Scala-Team\Uon Sokhuong\Scala\task6\ex1.scala
WARN  no build target: D:\VS_Code\SCALA_TEAM\Java-and-Scala-Team\Uon Sokhuong\Scala\task6\ex1.scala
WARN  no build target: D:\VS_Code\SCALA_TEAM\Java-and-Scala-Team\Uon Sokhuong\Scala\task6\ex1.scala
WARN  no build target: D:\VS_Code\SCALA_TEAM\Java-and-Scala-Team\Uon Sokhuong\Scala\task6\ex1.scala
WARN  no build target: D:\VS_Code\SCALA_TEAM\Java-and-Scala-Team\Uon Sokhuong\Scala\task6\ex1.scala
WARN  no build target: D:\VS_Code\SCALA_TEAM\Java-and-Scala-Team\Uon Sokhuong\Scala\task6\ex1.scala
WARN  no build target: D:\VS_Code\SCALA_TEAM\Java-and-Scala-Team\Uon Sokhuong\Scala\task6\ex1.scala
WARN  no build target: D:\VS_Code\SCALA_TEAM\Java-and-Scala-Team\Uon Sokhuong\Scala\task6\ex1.scala
WARN  no build target: D:\VS_Code\SCALA_TEAM\Java-and-Scala-Team\Uon Sokhuong\Scala\task6\ex1.scala
WARN  no build target: D:\VS_Code\SCALA_TEAM\Java-and-Scala-Team\Uon Sokhuong\Scala\task6\ex1.scala
WARN  no build target: D:\VS_Code\SCALA_TEAM\Java-and-Scala-Team\Uon Sokhuong\Scala\task6\ex1.scala
WARN  no build target: D:\VS_Code\SCALA_TEAM\Java-and-Scala-Team\Uon Sokhuong\Scala\task6\ex1.scala
WARN  no build target: D:\VS_Code\SCALA_TEAM\Java-and-Scala-Team\Uon Sokhuong\Scala\task6\ex1.scala
WARN  no build target: D:\VS_Code\SCALA_TEAM\Java-and-Scala-Team\Uon Sokhuong\Scala\task6\ex1.scala
WARN  no build target: D:\VS_Code\SCALA_TEAM\Java-and-Scala-Team\Uon Sokhuong\Scala\task6\ex1.scala
WARN  no build target: D:\VS_Code\SCALA_TEAM\Java-and-Scala-Team\Uon Sokhuong\Scala\task6\ex1.scala
WARN  no build target: D:\VS_Code\SCALA_TEAM\Java-and-Scala-Team\Uon Sokhuong\Scala\task6\ex1.scala
WARN  no build target: D:\VS_Code\SCALA_TEAM\Java-and-Scala-Team\Uon Sokhuong\Scala\task6\ex1.scala
WARN  no build target: D:\VS_Code\SCALA_TEAM\Java-and-Scala-Team\Uon Sokhuong\Scala\task6\ex1.scala
WARN  no build target: D:\VS_Code\SCALA_TEAM\Java-and-Scala-Team\Uon Sokhuong\Scala\task6\ex1.scala
WARN  no build target: D:\VS_Code\SCALA_TEAM\Java-and-Scala-Team\Uon Sokhuong\Scala\task6\ex1.scala
WARN  no build target: D:\VS_Code\SCALA_TEAM\Java-and-Scala-Team\Uon Sokhuong\Scala\task6\ex1.scala
WARN  no build target: D:\VS_Code\SCALA_TEAM\Java-and-Scala-Team\Uon Sokhuong\Scala\task6\ex1.scala
WARN  no build target: D:\VS_Code\SCALA_TEAM\Java-and-Scala-Team\Uon Sokhuong\Scala\task6\ex1.scala
WARN  no build target: D:\VS_Code\SCALA_TEAM\Java-and-Scala-Team\Uon Sokhuong\Scala\task6\ex1.scala
WARN  no build target: D:\VS_Code\SCALA_TEAM\Java-and-Scala-Team\Uon Sokhuong\Scala\task6\ex1.scala
WARN  no build target: D:\VS_Code\SCALA_TEAM\Java-and-Scala-Team\Uon Sokhuong\Scala\task6\ex1.scala
WARN  no build target: D:\VS_Code\SCALA_TEAM\Java-and-Scala-Team\Uon Sokhuong\Scala\task6\ex1.scala
WARN  no build target: D:\VS_Code\SCALA_TEAM\Java-and-Scala-Team\Uon Sokhuong\Scala\task6\ex1.scala
WARN  no build target: D:\VS_Code\SCALA_TEAM\Java-and-Scala-Team\Uon Sokhuong\Scala\task6\ex1.scala
WARN  no build target: D:\VS_Code\SCALA_TEAM\Java-and-Scala-Team\Uon Sokhuong\Scala\task6\ex1.scala
WARN  no build target: D:\VS_Code\SCALA_TEAM\Java-and-Scala-Team\Uon Sokhuong\Scala\task6\ex1.scala
WARN  no build target: D:\VS_Code\SCALA_TEAM\Java-and-Scala-Team\Uon Sokhuong\Scala\task6\ex1.scala
WARN  no build target: D:\VS_Code\SCALA_TEAM\Java-and-Scala-Team\Uon Sokhuong\Scala\task6\ex1.scala
WARN  no build target: D:\VS_Code\SCALA_TEAM\Java-and-Scala-Team\Uon Sokhuong\Scala\task6\ex1.scala
WARN  no build target: D:\VS_Code\SCALA_TEAM\Java-and-Scala-Team\Uon Sokhuong\Scala\task6\ex1.scala
WARN  no build target: D:\VS_Code\SCALA_TEAM\Java-and-Scala-Team\Uon Sokhuong\Scala\task6\ex1.scala
WARN  no build target: D:\VS_Code\SCALA_TEAM\Java-and-Scala-Team\Uon Sokhuong\Scala\task6\ex1.scala
WARN  no build target: D:\VS_Code\SCALA_TEAM\Java-and-Scala-Team\Uon Sokhuong\Scala\task6\ex1.scala
WARN  no build target: D:\VS_Code\SCALA_TEAM\Java-and-Scala-Team\Uon Sokhuong\Scala\task6\ex1.scala
WARN  no build target: D:\VS_Code\SCALA_TEAM\Java-and-Scala-Team\Uon Sokhuong\Scala\task6\ex1.scala
WARN  no build target: D:\VS_Code\SCALA_TEAM\Java-and-Scala-Team\Uon Sokhuong\Scala\task6\ex1.scala
WARN  no build target: D:\VS_Code\SCALA_TEAM\Java-and-Scala-Team\Uon Sokhuong\Scala\task6\ex1.scala
WARN  no build target: D:\VS_Code\SCALA_TEAM\Java-and-Scala-Team\Uon Sokhuong\Scala\task6\ex1.scala
WARN  no build tool detected in workspace 'D:\VS_Code\SCALA_TEAM\Java-and-Scala-Team'. The most common cause for this problem is that the editor was opened in the wrong working directory, for example if you use sbt then the workspace directory should contain build.sbt. 
WARN  no build tool detected in workspace 'D:\VS_Code\SCALA_TEAM\Java-and-Scala-Team'. The most common cause for this problem is that the editor was opened in the wrong working directory, for example if you use sbt then the workspace directory should contain build.sbt. 
Sep 16, 2019 11:17:57 AM scala.meta.internal.pc.CompilerAccess handleError
SEVERE: null
java.lang.NullPointerException
	at scala.meta.internal.pc.HoverProvider.seenFromType(HoverProvider.scala:106)
	at scala.meta.internal.pc.HoverProvider.hover(HoverProvider.scala:42)

Sep 16, 2019 11:17:57 AM scala.meta.internal.pc.CompilerAccess handleError
SEVERE: null
java.lang.NullPointerException
	at scala.meta.internal.pc.HoverProvider.seenFromType(HoverProvider.scala:106)
	at scala.meta.internal.pc.HoverProvider.hover(HoverProvider.scala:42)

WARN  no build target: D:\VS_Code\SCALA_TEAM\Java-and-Scala-Team\Uon Sokhuong\Scala\task6\ex1.scala
WARN  no build target: D:\VS_Code\SCALA_TEAM\Java-and-Scala-Team\Uon Sokhuong\Scala\task6\ex1.scala
WARN  no build target: D:\VS_Code\SCALA_TEAM\Java-and-Scala-Team\Uon Sokhuong\Scala\task6\ex1.scala
WARN  no build target: D:\VS_Code\SCALA_TEAM\Java-and-Scala-Team\Uon Sokhuong\Scala\task6\ex1.scala
WARN  no build target: D:\VS_Code\SCALA_TEAM\Java-and-Scala-Team\Uon Sokhuong\Scala\task6\ex1.scala
WARN  no build tool detected in workspace 'D:\VS_Code\SCALA_TEAM\Java-and-Scala-Team'. The most common cause for this problem is that the editor was opened in the wrong working directory, for example if you use sbt then the workspace directory should contain build.sbt. 
WARN  no build tool detected in workspace 'D:\VS_Code\SCALA_TEAM\Java-and-Scala-Team'. The most common cause for this problem is that the editor was opened in the wrong working directory, for example if you use sbt then the workspace directory should contain build.sbt. 
WARN  no build tool detected in workspace 'D:\VS_Code\SCALA_TEAM\Java-and-Scala-Team'. The most common cause for this problem is that the editor was opened in the wrong working directory, for example if you use sbt then the workspace directory should contain build.sbt. 
WARN  no build tool detected in workspace 'D:\VS_Code\SCALA_TEAM\Java-and-Scala-Team'. The most common cause for this problem is that the editor was opened in the wrong working directory, for example if you use sbt then the workspace directory should contain build.sbt. 
WARN  no build tool detected in workspace 'D:\VS_Code\SCALA_TEAM\Java-and-Scala-Team'. The most common cause for this problem is that the editor was opened in the wrong working directory, for example if you use sbt then the workspace directory should contain build.sbt. 
WARN  no build tool detected in workspace 'D:\VS_Code\SCALA_TEAM\Java-and-Scala-Team'. The most common cause for this problem is that the editor was opened in the wrong working directory, for example if you use sbt then the workspace directory should contain build.sbt. 
WARN  no build target: D:\VS_Code\SCALA_TEAM\Java-and-Scala-Team\Uon Sokhuong\Scala\task6\ex1.scala
WARN  no build target: D:\VS_Code\SCALA_TEAM\Java-and-Scala-Team\Uon Sokhuong\Scala\task6\ex1.scala
WARN  no build target: D:\VS_Code\SCALA_TEAM\Java-and-Scala-Team\Uon Sokhuong\Scala\task6\ex1.scala
WARN  no build target: D:\VS_Code\SCALA_TEAM\Java-and-Scala-Team\Uon Sokhuong\Scala\task6\ex1.scala
WARN  no build target: D:\VS_Code\SCALA_TEAM\Java-and-Scala-Team\Uon Sokhuong\Scala\task6\ex1.scala
WARN  no build target: D:\VS_Code\SCALA_TEAM\Java-and-Scala-Team\Uon Sokhuong\Scala\task6\ex1.scala
WARN  no build target: D:\VS_Code\SCALA_TEAM\Java-and-Scala-Team\Uon Sokhuong\Scala\task6\ex1.scala
WARN  no build target: D:\VS_Code\SCALA_TEAM\Java-and-Scala-Team\Uon Sokhuong\Scala\task6\ex1.scala
WARN  no build target: D:\VS_Code\SCALA_TEAM\Java-and-Scala-Team\Uon Sokhuong\Scala\task6\ex1.scala
WARN  no build target: D:\VS_Code\SCALA_TEAM\Java-and-Scala-Team\Uon Sokhuong\Scala\task6\ex1.scala
WARN  no build target: D:\VS_Code\SCALA_TEAM\Java-and-Scala-Team\Uon Sokhuong\Scala\task6\ex1.scala
WARN  no build target: D:\VS_Code\SCALA_TEAM\Java-and-Scala-Team\Uon Sokhuong\Scala\task6\ex1.scala
WARN  no build target: D:\VS_Code\SCALA_TEAM\Java-and-Scala-Team\Uon Sokhuong\Scala\task6\ex1.scala
WARN  no build target: D:\VS_Code\SCALA_TEAM\Java-and-Scala-Team\Uon Sokhuong\Scala\task6\ex1.scala
WARN  no build target: D:\VS_Code\SCALA_TEAM\Java-and-Scala-Team\Uon Sokhuong\Scala\task6\ex1.scala
WARN  no build target: D:\VS_Code\SCALA_TEAM\Java-and-Scala-Team\Uon Sokhuong\Scala\task6\ex1.scala
WARN  no build target: D:\VS_Code\SCALA_TEAM\Java-and-Scala-Team\Uon Sokhuong\Scala\task6\ex1.scala
WARN  no build target: D:\VS_Code\SCALA_TEAM\Java-and-Scala-Team\Uon Sokhuong\Scala\task6\ex1.scala
WARN  no build target: D:\VS_Code\SCALA_TEAM\Java-and-Scala-Team\Uon Sokhuong\Scala\task6\ex1.scala
WARN  no build target: D:\VS_Code\SCALA_TEAM\Java-and-Scala-Team\Uon Sokhuong\Scala\task6\ex1.scala
WARN  no build target: D:\VS_Code\SCALA_TEAM\Java-and-Scala-Team\Uon Sokhuong\Scala\task6\ex1.scala
WARN  no build target: D:\VS_Code\SCALA_TEAM\Java-and-Scala-Team\Uon Sokhuong\Scala\task6\ex1.scala
WARN  no build target: D:\VS_Code\SCALA_TEAM\Java-and-Scala-Team\Uon Sokhuong\Scala\task6\ex1.scala
WARN  no build target: D:\VS_Code\SCALA_TEAM\Java-and-Scala-Team\Uon Sokhuong\Scala\task6\ex1.scala
WARN  no build target: D:\VS_Code\SCALA_TEAM\Java-and-Scala-Team\Uon Sokhuong\Scala\task6\ex1.scala
WARN  no build target: D:\VS_Code\SCALA_TEAM\Java-and-Scala-Team\Uon Sokhuong\Scala\task6\ex1.scala
WARN  no build target: D:\VS_Code\SCALA_TEAM\Java-and-Scala-Team\Uon Sokhuong\Scala\task6\ex1.scala
WARN  no build target: D:\VS_Code\SCALA_TEAM\Java-and-Scala-Team\Uon Sokhuong\Scala\task6\ex1.scala
WARN  no build target: D:\VS_Code\SCALA_TEAM\Java-and-Scala-Team\Uon Sokhuong\Scala\task6\ex1.scala
WARN  no build target: D:\VS_Code\SCALA_TEAM\Java-and-Scala-Team\Uon Sokhuong\Scala\task6\ex1.scala
WARN  no build target: D:\VS_Code\SCALA_TEAM\Java-and-Scala-Team\Uon Sokhuong\Scala\task6\ex1.scala
WARN  no build target: D:\VS_Code\SCALA_TEAM\Java-and-Scala-Team\Uon Sokhuong\Scala\task6\ex1.scala
WARN  no build target: D:\VS_Code\SCALA_TEAM\Java-and-Scala-Team\Uon Sokhuong\Scala\task6\ex1.scala
WARN  no build target: D:\VS_Code\SCALA_TEAM\Java-and-Scala-Team\Uon Sokhuong\Scala\task6\ex1.scala
WARN  no build target: D:\VS_Code\SCALA_TEAM\Java-and-Scala-Team\Uon Sokhuong\Scala\task6\ex1.scala
WARN  no build target: D:\VS_Code\SCALA_TEAM\Java-and-Scala-Team\Uon Sokhuong\Scala\task6\ex1.scala
WARN  no build target: D:\VS_Code\SCALA_TEAM\Java-and-Scala-Team\Uon Sokhuong\Scala\task6\ex1.scala
WARN  no build target: D:\VS_Code\SCALA_TEAM\Java-and-Scala-Team\Uon Sokhuong\Scala\task6\ex1.scala
WARN  no build target: D:\VS_Code\SCALA_TEAM\Java-and-Scala-Team\Uon Sokhuong\Scala\task6\ex1.scala
WARN  no build target: D:\VS_Code\SCALA_TEAM\Java-and-Scala-Team\Uon Sokhuong\Scala\task6\ex1.scala
Sep 16, 2019 11:35:52 AM org.eclipse.lsp4j.jsonrpc.RemoteEndpoint handleCancellation
WARNING: Unmatched cancel notification for request id 2175
WARN  no build target: D:\VS_Code\SCALA_TEAM\Java-and-Scala-Team\Uon Sokhuong\Scala\task6\ex1.scala
WARN  no build target: D:\VS_Code\SCALA_TEAM\Java-and-Scala-Team\Uon Sokhuong\Scala\task6\ex1.scala
WARN  no build target: D:\VS_Code\SCALA_TEAM\Java-and-Scala-Team\Uon Sokhuong\Scala\task6\ex1.scala
WARN  no build target: D:\VS_Code\SCALA_TEAM\Java-and-Scala-Team\Uon Sokhuong\Scala\task6\ex1.scala
WARN  no build target: D:\VS_Code\SCALA_TEAM\Java-and-Scala-Team\Uon Sokhuong\Scala\task6\ex1.scala
Sep 16, 2019 11:36:04 AM scala.meta.internal.pc.CompletionProvider expected$1
WARNING: String index out of range: -1
WARN  no build target: D:\VS_Code\SCALA_TEAM\Java-and-Scala-Team\Uon Sokhuong\Scala\task6\ex1.scala
WARN  no build target: D:\VS_Code\SCALA_TEAM\Java-and-Scala-Team\Uon Sokhuong\Scala\task6\ex1.scala
WARN  no build target: D:\VS_Code\SCALA_TEAM\Java-and-Scala-Team\Uon Sokhuong\Scala\task6\ex1.scala
WARN  no build target: D:\VS_Code\SCALA_TEAM\Java-and-Scala-Team\Uon Sokhuong\Scala\task6\ex1.scala
WARN  no build target: D:\VS_Code\SCALA_TEAM\Java-and-Scala-Team\Uon Sokhuong\Scala\task6\ex1.scala
WARN  no build target: D:\VS_Code\SCALA_TEAM\Java-and-Scala-Team\Uon Sokhuong\Scala\task6\ex1.scala
WARN  no build target: D:\VS_Code\SCALA_TEAM\Java-and-Scala-Team\Uon Sokhuong\Scala\task6\ex1.scala
WARN  no build target: D:\VS_Code\SCALA_TEAM\Java-and-Scala-Team\Uon Sokhuong\Scala\task6\ex1.scala
WARN  no build target: D:\VS_Code\SCALA_TEAM\Java-and-Scala-Team\Uon Sokhuong\Scala\task6\ex1.scala
WARN  no build target: D:\VS_Code\SCALA_TEAM\Java-and-Scala-Team\Uon Sokhuong\Scala\task6\ex1.scala
WARN  no build target: D:\VS_Code\SCALA_TEAM\Java-and-Scala-Team\Uon Sokhuong\Scala\task6\ex1.scala
WARN  no build target: D:\VS_Code\SCALA_TEAM\Java-and-Scala-Team\Uon Sokhuong\Scala\task6\ex1.scala
WARN  no build target: D:\VS_Code\SCALA_TEAM\Java-and-Scala-Team\Uon Sokhuong\Scala\task6\ex1.scala
WARN  no build target: D:\VS_Code\SCALA_TEAM\Java-and-Scala-Team\Uon Sokhuong\Scala\task6\ex1.scala
WARN  no build tool detected in workspace 'D:\VS_Code\SCALA_TEAM\Java-and-Scala-Team'. The most common cause for this problem is that the editor was opened in the wrong working directory, for example if you use sbt then the workspace directory should contain build.sbt. 
WARN  no build tool detected in workspace 'D:\VS_Code\SCALA_TEAM\Java-and-Scala-Team'. The most common cause for this problem is that the editor was opened in the wrong working directory, for example if you use sbt then the workspace directory should contain build.sbt. 
WARN  no build target: D:\VS_Code\SCALA_TEAM\Java-and-Scala-Team\Uon Sokhuong\Scala\task6\ex1.scala
WARN  no build target: D:\VS_Code\SCALA_TEAM\Java-and-Scala-Team\Uon Sokhuong\Scala\task6\ex1.scala
WARN  no build target: D:\VS_Code\SCALA_TEAM\Java-and-Scala-Team\Uon Sokhuong\Scala\task6\ex1.scala
WARN  no build target: D:\VS_Code\SCALA_TEAM\Java-and-Scala-Team\Uon Sokhuong\Scala\task6\ex1.scala
WARN  no build target: D:\VS_Code\SCALA_TEAM\Java-and-Scala-Team\Uon Sokhuong\Scala\task6\ex1.scala
WARN  no build target: D:\VS_Code\SCALA_TEAM\Java-and-Scala-Team\Uon Sokhuong\Scala\task6\ex1.scala
WARN  no build target: D:\VS_Code\SCALA_TEAM\Java-and-Scala-Team\Uon Sokhuong\Scala\task6\ex1.scala
WARN  no build target: D:\VS_Code\SCALA_TEAM\Java-and-Scala-Team\Uon Sokhuong\Scala\task6\ex1.scala
WARN  no build target: D:\VS_Code\SCALA_TEAM\Java-and-Scala-Team\Uon Sokhuong\Scala\task6\ex1.scala
WARN  no build target: D:\VS_Code\SCALA_TEAM\Java-and-Scala-Team\Uon Sokhuong\Scala\task6\ex1.scala
WARN  no build target: D:\VS_Code\SCALA_TEAM\Java-and-Scala-Team\Uon Sokhuong\Scala\task6\ex1.scala
WARN  no build target: D:\VS_Code\SCALA_TEAM\Java-and-Scala-Team\Uon Sokhuong\Scala\task6\ex1.scala
WARN  no build target: D:\VS_Code\SCALA_TEAM\Java-and-Scala-Team\Uon Sokhuong\Scala\task6\ex1.scala
WARN  no build target: D:\VS_Code\SCALA_TEAM\Java-and-Scala-Team\Uon Sokhuong\Scala\task6\ex1.scala
WARN  no build target: D:\VS_Code\SCALA_TEAM\Java-and-Scala-Team\Uon Sokhuong\Scala\task6\ex1.scala
WARN  no build target: D:\VS_Code\SCALA_TEAM\Java-and-Scala-Team\Uon Sokhuong\Scala\task6\ex1.scala
WARN  no build target: D:\VS_Code\SCALA_TEAM\Java-and-Scala-Team\Uon Sokhuong\Scala\task6\ex1.scala
WARN  no build target: D:\VS_Code\SCALA_TEAM\Java-and-Scala-Team\Uon Sokhuong\Scala\task6\ex1.scala
WARN  no build target: D:\VS_Code\SCALA_TEAM\Java-and-Scala-Team\Uon Sokhuong\Scala\task6\ex1.scala
WARN  no build target: D:\VS_Code\SCALA_TEAM\Java-and-Scala-Team\Uon Sokhuong\Scala\task6\ex1.scala
WARN  no build target: D:\VS_Code\SCALA_TEAM\Java-and-Scala-Team\Uon Sokhuong\Scala\task6\ex1.scala
WARN  no build target: D:\VS_Code\SCALA_TEAM\Java-and-Scala-Team\Uon Sokhuong\Scala\task6\ex1.scala
WARN  no build target: D:\VS_Code\SCALA_TEAM\Java-and-Scala-Team\Uon Sokhuong\Scala\task6\ex1.scala
WARN  no build target: D:\VS_Code\SCALA_TEAM\Java-and-Scala-Team\Uon Sokhuong\Scala\task6\ex1.scala
WARN  no build target: D:\VS_Code\SCALA_TEAM\Java-and-Scala-Team\Uon Sokhuong\Scala\task6\ex1.scala
WARN  no build target: D:\VS_Code\SCALA_TEAM\Java-and-Scala-Team\Uon Sokhuong\Scala\task6\ex1.scala
WARN  no build target: D:\VS_Code\SCALA_TEAM\Java-and-Scala-Team\Uon Sokhuong\Scala\task6\ex1.scala
WARN  no build target: D:\VS_Code\SCALA_TEAM\Java-and-Scala-Team\Uon Sokhuong\Scala\task6\ex1.scala
WARN  no build target: D:\VS_Code\SCALA_TEAM\Java-and-Scala-Team\Uon Sokhuong\Scala\task6\ex1.scala
WARN  no build target: D:\VS_Code\SCALA_TEAM\Java-and-Scala-Team\Uon Sokhuong\Scala\task6\ex1.scala
WARN  no build target: D:\VS_Code\SCALA_TEAM\Java-and-Scala-Team\Uon Sokhuong\Scala\task6\ex1.scala
WARN  no build target: D:\VS_Code\SCALA_TEAM\Java-and-Scala-Team\Uon Sokhuong\Scala\task6\ex1.scala
WARN  no build target: D:\VS_Code\SCALA_TEAM\Java-and-Scala-Team\Uon Sokhuong\Scala\task6\ex1.scala
WARN  no build target: D:\VS_Code\SCALA_TEAM\Java-and-Scala-Team\Uon Sokhuong\Scala\task6\ex1.scala
WARN  no build target: D:\VS_Code\SCALA_TEAM\Java-and-Scala-Team\Uon Sokhuong\Scala\task6\ex1.scala
WARN  no build target: D:\VS_Code\SCALA_TEAM\Java-and-Scala-Team\Uon Sokhuong\Scala\task6\ex1.scala
WARN  no build target: D:\VS_Code\SCALA_TEAM\Java-and-Scala-Team\Uon Sokhuong\Scala\task6\ex1.scala
WARN  no build target: D:\VS_Code\SCALA_TEAM\Java-and-Scala-Team\Uon Sokhuong\Scala\task6\ex1.scala
WARN  no build target: D:\VS_Code\SCALA_TEAM\Java-and-Scala-Team\Uon Sokhuong\Scala\task6\ex1.scala
Sep 16, 2019 12:34:29 PM scala.meta.internal.pc.CompilerAccess handleError
SEVERE: null
java.lang.NullPointerException
	at scala.meta.internal.pc.HoverProvider.seenFromType(HoverProvider.scala:106)
	at scala.meta.internal.pc.HoverProvider.hover(HoverProvider.scala:42)

WARN  no build target: D:\VS_Code\SCALA_TEAM\Java-and-Scala-Team\Uon Sokhuong\Scala\task6\ex1.scala
WARN  no build target: D:\VS_Code\SCALA_TEAM\Java-and-Scala-Team\Uon Sokhuong\Scala\task6\ex1.scala
WARN  no build target: D:\VS_Code\SCALA_TEAM\Java-and-Scala-Team\Uon Sokhuong\Scala\task6\ex1.scala
WARN  no build target: D:\VS_Code\SCALA_TEAM\Java-and-Scala-Team\Uon Sokhuong\Scala\task6\ex1.scala
WARN  no build target: D:\VS_Code\SCALA_TEAM\Java-and-Scala-Team\Uon Sokhuong\Scala\task6\ex1.scala
WARN  no build target: D:\VS_Code\SCALA_TEAM\Java-and-Scala-Team\Uon Sokhuong\Scala\task6\ex1.scala
WARN  no build target: D:\VS_Code\SCALA_TEAM\Java-and-Scala-Team\Uon Sokhuong\Scala\task6\ex1.scala
Sep 16, 2019 12:45:50 PM org.eclipse.lsp4j.jsonrpc.RemoteEndpoint handleCancellation
WARNING: Unmatched cancel notification for request id 2657
WARN  no build target: D:\VS_Code\SCALA_TEAM\Java-and-Scala-Team\Uon Sokhuong\Scala\task6\ex1.scala
WARN  no build target: D:\VS_Code\SCALA_TEAM\Java-and-Scala-Team\Uon Sokhuong\Scala\task6\ex1.scala
WARN  no build target: D:\VS_Code\SCALA_TEAM\Java-and-Scala-Team\Uon Sokhuong\Scala\task6\ex1.scala
WARN  no build target: D:\VS_Code\SCALA_TEAM\Java-and-Scala-Team\Uon Sokhuong\Scala\task6\ex1.scala
WARN  no build target: D:\VS_Code\SCALA_TEAM\Java-and-Scala-Team\Uon Sokhuong\Scala\task6\ex1.scala
WARN  no build target: D:\VS_Code\SCALA_TEAM\Java-and-Scala-Team\Uon Sokhuong\Scala\task6\ex1.scala
WARN  no build target: D:\VS_Code\SCALA_TEAM\Java-and-Scala-Team\Uon Sokhuong\Scala\task6\ex1.scala
WARN  no build target: D:\VS_Code\SCALA_TEAM\Java-and-Scala-Team\Uon Sokhuong\Scala\task6\ex1.scala
WARN  no build target: D:\VS_Code\SCALA_TEAM\Java-and-Scala-Team\Uon Sokhuong\Scala\task6\ex1.scala
WARN  no build target: D:\VS_Code\SCALA_TEAM\Java-and-Scala-Team\Uon Sokhuong\Scala\task6\ex1.scala
WARN  no build target: D:\VS_Code\SCALA_TEAM\Java-and-Scala-Team\Uon Sokhuong\Scala\task6\ex1.scala
WARN  no build target: D:\VS_Code\SCALA_TEAM\Java-and-Scala-Team\Uon Sokhuong\Scala\task6\ex1.scala
WARN  no build target: D:\VS_Code\SCALA_TEAM\Java-and-Scala-Team\Uon Sokhuong\Scala\task6\ex1.scala
WARN  no build target: D:\VS_Code\SCALA_TEAM\Java-and-Scala-Team\Uon Sokhuong\Scala\task6\ex1.scala
WARN  no build target: D:\VS_Code\SCALA_TEAM\Java-and-Scala-Team\Uon Sokhuong\Scala\task6\ex1.scala
WARN  no build target: D:\VS_Code\SCALA_TEAM\Java-and-Scala-Team\Uon Sokhuong\Scala\task6\ex1.scala
WARN  no build target: D:\VS_Code\SCALA_TEAM\Java-and-Scala-Team\Uon Sokhuong\Scala\task6\ex1.scala
WARN  no build target: D:\VS_Code\SCALA_TEAM\Java-and-Scala-Team\Uon Sokhuong\Scala\task6\ex1.scala
WARN  no build target: D:\VS_Code\SCALA_TEAM\Java-and-Scala-Team\Uon Sokhuong\Scala\task6\ex1.scala
WARN  no build target: D:\VS_Code\SCALA_TEAM\Java-and-Scala-Team\Uon Sokhuong\Scala\task6\ex1.scala
WARN  no build target: D:\VS_Code\SCALA_TEAM\Java-and-Scala-Team\Uon Sokhuong\Scala\task6\ex1.scala
WARN  no build target: D:\VS_Code\SCALA_TEAM\Java-and-Scala-Team\Uon Sokhuong\Scala\task6\ex1.scala
Sep 16, 2019 1:00:43 PM scala.meta.internal.pc.CompletionProvider expected$1
WARNING: String index out of range: -1
WARN  no build target: D:\VS_Code\SCALA_TEAM\Java-and-Scala-Team\Uon Sokhuong\Scala\task6\ex1.scala
WARN  no build target: D:\VS_Code\SCALA_TEAM\Java-and-Scala-Team\Uon Sokhuong\Scala\task6\ex1.scala
WARN  no build target: D:\VS_Code\SCALA_TEAM\Java-and-Scala-Team\Uon Sokhuong\Scala\task6\ex1.scala
WARN  no build target: D:\VS_Code\SCALA_TEAM\Java-and-Scala-Team\Uon Sokhuong\Scala\task6\ex1.scala
WARN  no build target: D:\VS_Code\SCALA_TEAM\Java-and-Scala-Team\Uon Sokhuong\Scala\task6\ex1.scala
WARN  no build target: D:\VS_Code\SCALA_TEAM\Java-and-Scala-Team\Uon Sokhuong\Scala\task6\ex1.scala
WARN  no build target: D:\VS_Code\SCALA_TEAM\Java-and-Scala-Team\Uon Sokhuong\Scala\task6\ex1.scala
WARN  no build target: D:\VS_Code\SCALA_TEAM\Java-and-Scala-Team\Uon Sokhuong\Scala\task6\ex1.scala
WARN  no build target: D:\VS_Code\SCALA_TEAM\Java-and-Scala-Team\Uon Sokhuong\Scala\task6\ex1.scala
WARN  no build target: D:\VS_Code\SCALA_TEAM\Java-and-Scala-Team\Uon Sokhuong\Scala\task6\ex1.scala
WARN  no build target: D:\VS_Code\SCALA_TEAM\Java-and-Scala-Team\Uon Sokhuong\Scala\task6\ex1.scala
WARN  no build target: D:\VS_Code\SCALA_TEAM\Java-and-Scala-Team\Uon Sokhuong\Scala\task6\ex1.scala
WARN  no build target: D:\VS_Code\SCALA_TEAM\Java-and-Scala-Team\Uon Sokhuong\Scala\task6\ex1.scala
WARN  no build target: D:\VS_Code\SCALA_TEAM\Java-and-Scala-Team\Uon Sokhuong\Scala\task6\ex1.scala
WARN  no build target: D:\VS_Code\SCALA_TEAM\Java-and-Scala-Team\Uon Sokhuong\Scala\task6\ex1.scala
WARN  no build target: D:\VS_Code\SCALA_TEAM\Java-and-Scala-Team\Uon Sokhuong\Scala\task6\ex1.scala
WARN  no build target: D:\VS_Code\SCALA_TEAM\Java-and-Scala-Team\Uon Sokhuong\Scala\task6\ex1.scala
WARN  no build target: D:\VS_Code\SCALA_TEAM\Java-and-Scala-Team\Uon Sokhuong\Scala\task6\ex1.scala
WARN  no build target: D:\VS_Code\SCALA_TEAM\Java-and-Scala-Team\Uon Sokhuong\Scala\task6\ex1.scala
WARN  no build target: D:\VS_Code\SCALA_TEAM\Java-and-Scala-Team\Uon Sokhuong\Scala\task6\ex1.scala
WARN  no build target: D:\VS_Code\SCALA_TEAM\Java-and-Scala-Team\Uon Sokhuong\Scala\task6\ex1.scala
WARN  no build target: D:\VS_Code\SCALA_TEAM\Java-and-Scala-Team\Uon Sokhuong\Scala\task6\ex1.scala
WARN  no build target: D:\VS_Code\SCALA_TEAM\Java-and-Scala-Team\Uon Sokhuong\Scala\task6\ex1.scala
WARN  no build target: D:\VS_Code\SCALA_TEAM\Java-and-Scala-Team\Uon Sokhuong\Scala\task6\ex1.scala
WARN  no build target: D:\VS_Code\SCALA_TEAM\Java-and-Scala-Team\Uon Sokhuong\Scala\task6\ex1.scala
WARN  no build target: D:\VS_Code\SCALA_TEAM\Java-and-Scala-Team\Uon Sokhuong\Scala\task6\ex1.scala
WARN  no build target: D:\VS_Code\SCALA_TEAM\Java-and-Scala-Team\Uon Sokhuong\Scala\task6\ex1.scala
WARN  no build target: D:\VS_Code\SCALA_TEAM\Java-and-Scala-Team\Uon Sokhuong\Scala\task6\ex1.scala
WARN  no build target: D:\VS_Code\SCALA_TEAM\Java-and-Scala-Team\Uon Sokhuong\Scala\task6\ex1.scala
WARN  no build target: D:\VS_Code\SCALA_TEAM\Java-and-Scala-Team\Uon Sokhuong\Scala\task6\ex1.scala
WARN  no build target: D:\VS_Code\SCALA_TEAM\Java-and-Scala-Team\Uon Sokhuong\Scala\task6\ex1.scala
WARN  no build target: D:\VS_Code\SCALA_TEAM\Java-and-Scala-Team\Uon Sokhuong\Scala\task6\ex1.scala
WARN  no build target: D:\VS_Code\SCALA_TEAM\Java-and-Scala-Team\Uon Sokhuong\Scala\task6\ex1.scala
WARN  no build target: D:\VS_Code\SCALA_TEAM\Java-and-Scala-Team\Uon Sokhuong\Scala\task6\ex1.scala
WARN  no build target: D:\VS_Code\SCALA_TEAM\Java-and-Scala-Team\Uon Sokhuong\Scala\task6\ex1.scala
WARN  no build target: D:\VS_Code\SCALA_TEAM\Java-and-Scala-Team\Uon Sokhuong\Scala\task6\ex1.scala
WARN  no build target: D:\VS_Code\SCALA_TEAM\Java-and-Scala-Team\Uon Sokhuong\Scala\task6\ex1.scala
WARN  no build target: D:\VS_Code\SCALA_TEAM\Java-and-Scala-Team\Uon Sokhuong\Scala\task6\ex1.scala
WARN  no build target: D:\VS_Code\SCALA_TEAM\Java-and-Scala-Team\Uon Sokhuong\Scala\task6\ex1.scala
WARN  no build target: D:\VS_Code\SCALA_TEAM\Java-and-Scala-Team\Uon Sokhuong\Scala\task6\ex1.scala
Sep 16, 2019 1:24:19 PM org.eclipse.lsp4j.jsonrpc.RemoteEndpoint handleCancellation
WARNING: Unmatched cancel notification for request id 3027
WARN  no build target: D:\VS_Code\SCALA_TEAM\Java-and-Scala-Team\Uon Sokhuong\Scala\task6\ex1.scala
WARN  no build target: D:\VS_Code\SCALA_TEAM\Java-and-Scala-Team\Uon Sokhuong\Scala\task6\ex1.scala
WARN  no build tool detected in workspace 'D:\VS_Code\SCALA_TEAM\Java-and-Scala-Team'. The most common cause for this problem is that the editor was opened in the wrong working directory, for example if you use sbt then the workspace directory should contain build.sbt. 
WARN  no build tool detected in workspace 'D:\VS_Code\SCALA_TEAM\Java-and-Scala-Team'. The most common cause for this problem is that the editor was opened in the wrong working directory, for example if you use sbt then the workspace directory should contain build.sbt. 
WARN  no build target: D:\VS_Code\SCALA_TEAM\Java-and-Scala-Team\Uon Sokhuong\Scala\task6\ex1.scala
WARN  no build target: D:\VS_Code\SCALA_TEAM\Java-and-Scala-Team\Uon Sokhuong\Scala\task6\ex1.scala
WARN  no build tool detected in workspace 'D:\VS_Code\SCALA_TEAM\Java-and-Scala-Team'. The most common cause for this problem is that the editor was opened in the wrong working directory, for example if you use sbt then the workspace directory should contain build.sbt. 
WARN  no build tool detected in workspace 'D:\VS_Code\SCALA_TEAM\Java-and-Scala-Team'. The most common cause for this problem is that the editor was opened in the wrong working directory, for example if you use sbt then the workspace directory should contain build.sbt. 
WARN  no build target: D:\VS_Code\SCALA_TEAM\Java-and-Scala-Team\Uon Sokhuong\Scala\task6\ex1.scala
WARN  no build target: D:\VS_Code\SCALA_TEAM\Java-and-Scala-Team\Uon Sokhuong\Scala\task6\ex1.scala
WARN  no build target: D:\VS_Code\SCALA_TEAM\Java-and-Scala-Team\Uon Sokhuong\Scala\task6\ex1.scala
WARN  no build target: D:\VS_Code\SCALA_TEAM\Java-and-Scala-Team\Uon Sokhuong\Scala\task6\ex1.scala
WARN  no build target: D:\VS_Code\SCALA_TEAM\Java-and-Scala-Team\Uon Sokhuong\Scala\task6\ex1.scala
WARN  no build target: D:\VS_Code\SCALA_TEAM\Java-and-Scala-Team\Uon Sokhuong\Scala\task6\ex1.scala
WARN  no build target: D:\VS_Code\SCALA_TEAM\Java-and-Scala-Team\Uon Sokhuong\Scala\task6\ex1.scala
WARN  no build target: D:\VS_Code\SCALA_TEAM\Java-and-Scala-Team\Uon Sokhuong\Scala\task6\ex1.scala
WARN  no build target: D:\VS_Code\SCALA_TEAM\Java-and-Scala-Team\Uon Sokhuong\Scala\task6\ex1.scala
WARN  no build target: D:\VS_Code\SCALA_TEAM\Java-and-Scala-Team\Uon Sokhuong\Scala\task6\ex1.scala
WARN  no build target: D:\VS_Code\SCALA_TEAM\Java-and-Scala-Team\Uon Sokhuong\Scala\task6\ex1.scala
Sep 16, 2019 1:33:10 PM org.eclipse.lsp4j.jsonrpc.RemoteEndpoint handleCancellation
WARNING: Unmatched cancel notification for request id 3144
Sep 16, 2019 1:33:10 PM org.eclipse.lsp4j.jsonrpc.RemoteEndpoint handleCancellation
WARNING: Unmatched cancel notification for request id 3146
WARN  no build target: D:\VS_Code\SCALA_TEAM\Java-and-Scala-Team\Uon Sokhuong\Scala\task6\ex1.scala
WARN  no build target: D:\VS_Code\SCALA_TEAM\Java-and-Scala-Team\Uon Sokhuong\Scala\task6\ex1.scala
WARN  no build target: D:\VS_Code\SCALA_TEAM\Java-and-Scala-Team\Uon Sokhuong\Scala\task6\ex1.scala
WARN  no build target: D:\VS_Code\SCALA_TEAM\Java-and-Scala-Team\Uon Sokhuong\Scala\task6\ex1.scala
WARN  no build target: D:\VS_Code\SCALA_TEAM\Java-and-Scala-Team\Uon Sokhuong\Scala\task6\ex1.scala
WARN  no build target: D:\VS_Code\SCALA_TEAM\Java-and-Scala-Team\Uon Sokhuong\Scala\task6\ex1.scala
WARN  no build target: D:\VS_Code\SCALA_TEAM\Java-and-Scala-Team\Uon Sokhuong\Scala\task6\ex1.scala
WARN  no build target: D:\VS_Code\SCALA_TEAM\Java-and-Scala-Team\Uon Sokhuong\Scala\task6\ex1.scala
WARN  no build target: D:\VS_Code\SCALA_TEAM\Java-and-Scala-Team\Uon Sokhuong\Scala\task6\ex1.scala
WARN  no build target: D:\VS_Code\SCALA_TEAM\Java-and-Scala-Team\Uon Sokhuong\Scala\task6\ex1.scala
WARN  no build target: D:\VS_Code\SCALA_TEAM\Java-and-Scala-Team\Uon Sokhuong\Scala\task6\ex1.scala
WARN  no build target: D:\VS_Code\SCALA_TEAM\Java-and-Scala-Team\Uon Sokhuong\Scala\task6\ex1.scala
WARN  no build target: D:\VS_Code\SCALA_TEAM\Java-and-Scala-Team\Uon Sokhuong\Scala\task6\ex1.scala
WARN  no build target: D:\VS_Code\SCALA_TEAM\Java-and-Scala-Team\Uon Sokhuong\Scala\task6\ex1_minimiumTurn.scala
